e:\proj\[gameproj]\dst_dir_organized\duckfishing\x64\debug\animation.obj
e:\proj\[gameproj]\dst_dir_organized\duckfishing\x64\debug\applicationconfig.obj
e:\proj\[gameproj]\dst_dir_organized\duckfishing\x64\debug\gameengine.obj
e:\proj\[gameproj]\dst_dir_organized\duckfishing\x64\debug\gamemode.obj
e:\proj\[gameproj]\dst_dir_organized\duckfishing\x64\debug\gamemodecontroller.obj
e:\proj\[gameproj]\dst_dir_organized\duckfishing\x64\debug\globalmappings.obj
e:\proj\[gameproj]\dst_dir_organized\duckfishing\x64\debug\gridmanager.obj
e:\proj\[gameproj]\dst_dir_organized\duckfishing\x64\debug\groundtype.obj
e:\proj\[gameproj]\dst_dir_organized\duckfishing\x64\debug\hostplayingmode.obj
e:\proj\[gameproj]\dst_dir_organized\duckfishing\x64\debug\imageloader.obj
e:\proj\[gameproj]\dst_dir_organized\duckfishing\x64\debug\joinlobbymode.obj
e:\proj\[gameproj]\dst_dir_organized\duckfishing\x64\debug\joinplayingmode.obj
e:\proj\[gameproj]\dst_dir_organized\duckfishing\x64\debug\log.obj
e:\proj\[gameproj]\dst_dir_organized\duckfishing\x64\debug\mainmenumode.obj
e:\proj\[gameproj]\dst_dir_organized\duckfishing\x64\debug\main_game.obj
e:\proj\[gameproj]\dst_dir_organized\duckfishing\x64\debug\mesh.obj
e:\proj\[gameproj]\dst_dir_organized\duckfishing\x64\debug\messageparser.obj
e:\proj\[gameproj]\dst_dir_organized\duckfishing\x64\debug\playerdirection.obj
e:\proj\[gameproj]\dst_dir_organized\duckfishing\x64\debug\playingmode.obj
e:\proj\[gameproj]\dst_dir_organized\duckfishing\x64\debug\shaderprogramloader.obj
e:\proj\[gameproj]\dst_dir_organized\duckfishing\x64\debug\stb_image.obj
e:\proj\[gameproj]\dst_dir_organized\duckfishing\x64\debug\systemmanager.obj
e:\proj\[gameproj]\dst_dir_organized\duckfishing\x64\debug\texture.obj
e:\proj\[gameproj]\dst_dir_organized\duckfishing\x64\debug\transform.obj
e:\proj\[gameproj]\dst_dir_organized\duckfishing\x64\debug\utils.obj
e:\proj\[gameproj]\dst_dir_organized\duckfishing\x64\debug\vc143.idb
e:\proj\[gameproj]\dst_dir_organized\duckfishing\x64\debug\vc143.pdb
e:\proj\[gameproj]\dst_dir_organized\duckfishing\x64\debug\duckfishing.tlog\cl.command.1.tlog
