  GameObject.cpp
E:\proj\[gameproj]\DontStarve\DuckFishing\GameObject.cpp(108,18): warning C4244: '=': conversion from 'double' to 'float', possible loss of data
  GridManager.h
  GroundType.h
  Item.cpp
  main.cpp
  Mesh.cpp
E:\proj\[gameproj]\DontStarve\DuckFishing\Mesh.cpp(153,34): warning C4267: 'argument': conversion from 'size_t' to 'GLsizei', possible loss of data
E:\proj\[gameproj]\DontStarve\DuckFishing\Mesh.cpp(185,34): warning C4267: 'argument': conversion from 'size_t' to 'GLsizei', possible loss of data
E:\proj\[gameproj]\DontStarve\DuckFishing\Mesh.cpp(206,27): warning C4267: 'argument': conversion from 'size_t' to 'GLsizei', possible loss of data
E:\proj\[gameproj]\DontStarve\DuckFishing\Mesh.cpp(253,27): warning C4267: 'argument': conversion from 'size_t' to 'GLsizei', possible loss of data
  TerrainManager.cpp
E:\proj\[gameproj]\DontStarve\DuckFishing\Item.h(30,15): warning C4099: 'Recipe': type name first seen using 'class' now seen using 'struct'
E:\proj\[gameproj]\DontStarve\DuckFishing\Item.h(30,8): message : see declaration of 'Recipe'
  TerrainObject.cpp
E:\proj\[gameproj]\DontStarve\DuckFishing\Item.h(30,15): warning C4099: 'Recipe': type name first seen using 'class' now seen using 'struct'
E:\proj\[gameproj]\DontStarve\DuckFishing\Item.h(30,8): message : see declaration of 'Recipe'
  Generating Code...
E:\proj\[gameproj]\DontStarve\DuckFishing\TerrainObject.cpp(344): warning C4172: returning address of local variable or temporary: currIngredients
E:\proj\[gameproj]\DontStarve\DuckFishing\GameObject.cpp(250): warning C4172: returning address of local variable or temporary: temp
  duckfishing.vcxproj -> E:\proj\[gameproj]\DontStarve\DuckFishing\x64\Debug\duckfishing.exe
